<?xml version="1.0" encoding="UTF-8" ?>
<testsuite tests="4" failures="0" name="BugTrackingAppTest" time="0.005" errors="0" skipped="0">
  <properties>
[...]
</properties>
  <testcase classname="BugTrackingAppTest" name="testAddUser" time="0.003"/>
  <testcase classname="BugTrackingAppTest" name="testCreateProject" time="0"/>
  <testcase classname="BugTrackingAppTest" name="testReportBug" time="0"/>
  <testcase classname="BugTrackingAppTest" name="testAssignAndUpdateBug" time="0.002"/>
</testsuite>